<?xml version="1.0" encoding="UTF-8"?>
<coverage generated="1468346712">
  <project timestamp="1468346712">
    <package name="Gpupo\Bundle\MarkethubBundle\Factory">
      <file name="/Users/gilmar.pupo/workspace/Gpupo/group-ecommerce/MarkethubBundle/Factory/CnovaFactory.php">
        <class name="CnovaFactory" namespace="Gpupo\Bundle\MarkethubBundle\Factory">
          <metrics complexity="1" methods="1" coveredmethods="1" conditionals="0" coveredconditionals="0" statements="8" coveredstatements="8" elements="9" coveredelements="9"/>
        </class>
        <line num="21" type="method" name="setClient" visibility="public" complexity="1" crap="1" count="3"/>
        <line num="24" type="stmt" count="3"/>
        <line num="25" type="stmt" count="3"/>
        <line num="26" type="stmt" count="3"/>
        <line num="27" type="stmt" count="3"/>
        <line num="28" type="stmt" count="3"/>
        <line num="29" type="stmt" count="3"/>
        <line num="30" type="stmt" count="3"/>
        <line num="33" type="stmt" count="3"/>
        <metrics loc="35" ncloc="24" classes="1" methods="1" coveredmethods="1" conditionals="0" coveredconditionals="0" statements="8" coveredstatements="8" elements="9" coveredelements="9"/>
      </file>
      <file name="/Users/gilmar.pupo/workspace/Gpupo/group-ecommerce/MarkethubBundle/Factory/NetshoesFactory.php">
        <class name="NetshoesFactory" namespace="Gpupo\Bundle\MarkethubBundle\Factory">
          <metrics complexity="1" methods="1" coveredmethods="0" conditionals="0" coveredconditionals="0" statements="8" coveredstatements="0" elements="9" coveredelements="0"/>
        </class>
        <line num="21" type="method" name="setClient" visibility="public" complexity="1" crap="2" count="0"/>
        <line num="24" type="stmt" count="0"/>
        <line num="25" type="stmt" count="0"/>
        <line num="26" type="stmt" count="0"/>
        <line num="27" type="stmt" count="0"/>
        <line num="28" type="stmt" count="0"/>
        <line num="29" type="stmt" count="0"/>
        <line num="30" type="stmt" count="0"/>
        <line num="33" type="stmt" count="0"/>
        <metrics loc="35" ncloc="24" classes="1" methods="1" coveredmethods="0" conditionals="0" coveredconditionals="0" statements="8" coveredstatements="0" elements="9" coveredelements="0"/>
      </file>
      <file name="/Users/gilmar.pupo/workspace/Gpupo/group-ecommerce/MarkethubBundle/Factory/SubmarinoFactory.php">
        <class name="SubmarinoFactory" namespace="Gpupo\Bundle\MarkethubBundle\Factory">
          <metrics complexity="1" methods="1" coveredmethods="1" conditionals="0" coveredconditionals="0" statements="3" coveredstatements="3" elements="4" coveredelements="4"/>
        </class>
        <line num="21" type="method" name="setClient" visibility="public" complexity="1" crap="1" count="4"/>
        <line num="24" type="stmt" count="4"/>
        <line num="25" type="stmt" count="4"/>
        <line num="28" type="stmt" count="4"/>
        <metrics loc="30" ncloc="19" classes="1" methods="1" coveredmethods="1" conditionals="0" coveredconditionals="0" statements="3" coveredstatements="3" elements="4" coveredelements="4"/>
      </file>
    </package>
    <metrics files="3" loc="100" ncloc="67" classes="3" methods="3" coveredmethods="2" conditionals="0" coveredconditionals="0" statements="19" coveredstatements="11" elements="22" coveredelements="13"/>
  </project>
</coverage>
